Arguments: 
  /usr/local/bin/node /Users/clinton/.yarn/bin/yarn.js add truffle -g

PATH: 
  /Users/clinton/.yarn/bin:/Users/clinton/.config/yarn/global/node_modules/.bin:/opt/local/bin:/opt/local/sbin:/usr/local/bin:/usr/bin:/bin:/usr/sbin:/sbin:/Users/clinton/.yarn/bin:/Users/clinton/.config/yarn/global/node_modules/.bin:/opt/local/bin:/opt/local/sbin

Yarn version: 
  1.22.18

Node version: 
  16.13.1

Platform: 
  darwin x64

Trace: 
  Error: getaddrinfo ENOTFOUND registry.yarnpkg.com
      at GetAddrInfoReqWrap.onlookup [as oncomplete] (node:dns:71:26)

npm manifest: 
  {
    "name": "presale",
    "version": "1.0.0",
    "main": "index.js",
    "repository": "https://github.com/Clinton594/cyberverse.git",
    "author": "Onuigbo Clinton <32768102+Clinton594@users.noreply.github.com>",
    "license": "MIT"
  }

yarn manifest: 
  No manifest

Lockfile: 
  No lockfile
